The system is: Windows - 10.0.18363 - AMD64
Compiling the C compiler identification source file "CMakeCCompilerId.c" succeeded.
Compiler: C:/Program Files (x86)/Microsoft Visual Studio/2019/Enterprise/VC/Tools/MSVC/14.23.28105/bin/Hostx64/x86/cl.exe 
Build flags: 
Id flags:  

The output was:
0
用于 x86 的 Microsoft (R) C/C++ 优化编译器 19.23.28107 版
版权所有(C) Microsoft Corporation。保留所有权利。

CMakeCCompilerId.c
Microsoft (R) Incremental Linker Version 14.23.28107.0
Copyright (C) Microsoft Corporation.  All rights reserved.

/out:CMakeCCompilerId.exe 
CMakeCCompilerId.obj 


Compilation of the C compiler identification source "CMakeCCompilerId.c" produced "CMakeCCompilerId.exe"

Compilation of the C compiler identification source "CMakeCCompilerId.c" produced "CMakeCCompilerId.obj"

The C compiler identification is MSVC, found in "D:/work/CtgSuit/libSrc/move/build/CMakeFiles/3.16.2/CompilerIdC/CMakeCCompilerId.exe"

Compiling the CXX compiler identification source file "CMakeCXXCompilerId.cpp" succeeded.
Compiler: C:/Program Files (x86)/Microsoft Visual Studio/2019/Enterprise/VC/Tools/MSVC/14.23.28105/bin/Hostx64/x86/cl.exe 
Build flags: 
Id flags:  

The output was:
0
用于 x86 的 Microsoft (R) C/C++ 优化编译器 19.23.28107 版
版权所有(C) Microsoft Corporation。保留所有权利。

CMakeCXXCompilerId.cpp
Microsoft (R) Incremental Linker Version 14.23.28107.0
Copyright (C) Microsoft Corporation.  All rights reserved.

/out:CMakeCXXCompilerId.exe 
CMakeCXXCompilerId.obj 


Compilation of the CXX compiler identification source "CMakeCXXCompilerId.cpp" produced "CMakeCXXCompilerId.exe"

Compilation of the CXX compiler identification source "CMakeCXXCompilerId.cpp" produced "CMakeCXXCompilerId.obj"

The CXX compiler identification is MSVC, found in "D:/work/CtgSuit/libSrc/move/build/CMakeFiles/3.16.2/CompilerIdCXX/CMakeCXXCompilerId.exe"

Determining if the C compiler works passed with the following output:
Change Dir: D:/work/CtgSuit/libSrc/move/build/CMakeFiles/CMakeTmp

Run Build Command(s):C:/PROGRA~2/MICROS~1/2019/ENTERP~1/Common7/IDE/COMMON~1/MICROS~1/CMake/Ninja/ninja.exe cmTC_b2a6b && [1/2] Building C object CMakeFiles\cmTC_b2a6b.dir\testCCompiler.c.obj
[2/2] Linking C executable cmTC_b2a6b.exe



Detecting C compiler ABI info compiled with the following output:
Change Dir: D:/work/CtgSuit/libSrc/move/build/CMakeFiles/CMakeTmp

Run Build Command(s):C:/PROGRA~2/MICROS~1/2019/ENTERP~1/Common7/IDE/COMMON~1/MICROS~1/CMake/Ninja/ninja.exe cmTC_1830d && [1/2] Building C object CMakeFiles\cmTC_1830d.dir\CMakeCCompilerABI.c.obj
[2/2] Linking C executable cmTC_1830d.exe



Determining if the CXX compiler works passed with the following output:
Change Dir: D:/work/CtgSuit/libSrc/move/build/CMakeFiles/CMakeTmp

Run Build Command(s):C:/PROGRA~2/MICROS~1/2019/ENTERP~1/Common7/IDE/COMMON~1/MICROS~1/CMake/Ninja/ninja.exe cmTC_39d9e && [1/2] Building CXX object CMakeFiles\cmTC_39d9e.dir\testCXXCompiler.cxx.obj
[2/2] Linking CXX executable cmTC_39d9e.exe



Detecting CXX compiler ABI info compiled with the following output:
Change Dir: D:/work/CtgSuit/libSrc/move/build/CMakeFiles/CMakeTmp

Run Build Command(s):C:/PROGRA~2/MICROS~1/2019/ENTERP~1/Common7/IDE/COMMON~1/MICROS~1/CMake/Ninja/ninja.exe cmTC_390dd && [1/2] Building CXX object CMakeFiles\cmTC_390dd.dir\CMakeCXXCompilerABI.cpp.obj
[2/2] Linking CXX executable cmTC_390dd.exe



